<?xml version="1.0" encoding="utf-8"?><testsuites><testsuite name="pytest" errors="1" failures="0" skipped="0" tests="1" time="0.290" timestamp="2025-06-27T16:39:58.515638" hostname="DESKTOP-V0KUFT3"><testcase classname="" name="tests.test_phase6_integration" time="0.000"><error message="collection failure">venv/lib/python3.10/site-packages/_pytest/python.py:617: in _importtestmodule
    mod = import_path(self.path, mode=importmode, root=self.config.rootpath)
venv/lib/python3.10/site-packages/_pytest/pathlib.py:567: in import_path
    importlib.import_module(module_name)
/usr/lib/python3.10/importlib/__init__.py:126: in import_module
    return _bootstrap._gcd_import(name[level:], package, level)
&lt;frozen importlib._bootstrap&gt;:1050: in _gcd_import
    ???
&lt;frozen importlib._bootstrap&gt;:1027: in _find_and_load
    ???
&lt;frozen importlib._bootstrap&gt;:1006: in _find_and_load_unlocked
    ???
&lt;frozen importlib._bootstrap&gt;:688: in _load_unlocked
    ???
venv/lib/python3.10/site-packages/_pytest/assertion/rewrite.py:177: in exec_module
    source_stat, co = _rewrite_test(fn, self.config)
venv/lib/python3.10/site-packages/_pytest/assertion/rewrite.py:359: in _rewrite_test
    tree = ast.parse(source, filename=strfn)
/usr/lib/python3.10/ast.py:50: in parse
    return compile(source, filename, mode, flags,
E     File "/home/kayk/projects/AutoPostGenerator/tests/test_phase6_integration.py", line 286
E       "Post with special characters: áéíóú ñüç €£¥¢ "smart quotes" &amp; &lt;tags&gt; | pipes"
E       ^^^^^^^^^^^^^^^^^^^^^^^^^^^^^^^^^^^^^^^^^^^^^^^^^^^^^^^^^^^^^^^^^
E   SyntaxError: invalid syntax. Perhaps you forgot a comma?</error></testcase></testsuite></testsuites>